2025-09-04 01:14:33.041 +00:00 [WRN] Overriding HTTP_PORTS '8080' and HTTPS_PORTS ''. Binding to values defined by URLS instead 'http://+:8080'.
2025-09-04 01:17:05.928 +00:00 [WRN] Failed to determine the https port for redirect.
2025-09-04 01:17:05.939 +00:00 [INF] Getting weather forecasts for 5 days
2025-09-04 01:17:05.941 +00:00 [INF] Returning 5 weather forecasts
2025-09-04 01:17:06.012 +00:00 [INF] Request GET /api/weather completed with status 200 in 64.03ms
2025-09-04 01:17:06.219 +00:00 [INF] Getting weather forecasts for 5 days
2025-09-04 01:17:06.219 +00:00 [INF] Returning 5 weather forecasts
2025-09-04 01:17:06.226 +00:00 [INF] Request GET /api/weather completed with status 200 in 2.44ms
2025-09-04 01:17:06.290 +00:00 [INF] Getting weather forecasts for 5 days
2025-09-04 01:17:06.291 +00:00 [INF] Returning 5 weather forecasts
2025-09-04 01:17:06.297 +00:00 [INF] Request GET /api/weather completed with status 200 in 1.82ms
2025-09-04 01:17:06.352 +00:00 [INF] Getting weather forecasts for 5 days
2025-09-04 01:17:06.352 +00:00 [INF] Returning 5 weather forecasts
2025-09-04 01:17:06.358 +00:00 [INF] Request GET /api/weather completed with status 200 in 1.32ms
2025-09-04 01:17:06.405 +00:00 [INF] Getting weather forecasts for 5 days
2025-09-04 01:17:06.406 +00:00 [INF] Returning 5 weather forecasts
2025-09-04 01:17:06.412 +00:00 [INF] Request GET /api/weather completed with status 200 in 2.50ms
2025-09-04 01:17:06.472 +00:00 [INF] Getting weather forecasts for 5 days
2025-09-04 01:17:06.473 +00:00 [INF] Returning 5 weather forecasts
2025-09-04 01:17:06.477 +00:00 [INF] Request GET /api/weather completed with status 200 in 1.80ms
2025-09-04 01:17:06.524 +00:00 [INF] Getting weather forecasts for 5 days
2025-09-04 01:17:06.525 +00:00 [INF] Returning 5 weather forecasts
2025-09-04 01:17:06.529 +00:00 [INF] Request GET /api/weather completed with status 200 in 1.64ms
2025-09-04 01:17:06.573 +00:00 [INF] Getting weather forecasts for 5 days
2025-09-04 01:17:06.573 +00:00 [INF] Returning 5 weather forecasts
2025-09-04 01:17:06.577 +00:00 [INF] Request GET /api/weather completed with status 200 in 1.20ms
