2025-09-04 01:14:33.033 +00:00 [WRN] Overriding HTTP_PORTS '8080' and HTTPS_PORTS ''. Binding to values defined by URLS instead 'http://+:8080'.
2025-09-04 01:17:05.793 +00:00 [WRN] Failed to determine the https port for redirect.
2025-09-04 01:17:05.809 +00:00 [INF] Getting weather forecasts for 5 days
2025-09-04 01:17:05.811 +00:00 [INF] Returning 5 weather forecasts
2025-09-04 01:17:05.857 +00:00 [INF] Request GET /api/weather completed with status 200 in 51.97ms
2025-09-04 01:17:06.194 +00:00 [INF] Getting weather forecasts for 5 days
2025-09-04 01:17:06.195 +00:00 [INF] Returning 5 weather forecasts
2025-09-04 01:17:06.202 +00:00 [INF] Request GET /api/weather completed with status 200 in 2.58ms
2025-09-04 01:17:06.264 +00:00 [INF] Getting weather forecasts for 5 days
2025-09-04 01:17:06.265 +00:00 [INF] Returning 5 weather forecasts
2025-09-04 01:17:06.270 +00:00 [INF] Request GET /api/weather completed with status 200 in 1.81ms
2025-09-04 01:17:06.330 +00:00 [INF] Getting weather forecasts for 5 days
2025-09-04 01:17:06.331 +00:00 [INF] Returning 5 weather forecasts
2025-09-04 01:17:06.336 +00:00 [INF] Request GET /api/weather completed with status 200 in 1.64ms
2025-09-04 01:17:06.386 +00:00 [INF] Getting weather forecasts for 5 days
2025-09-04 01:17:06.386 +00:00 [INF] Returning 5 weather forecasts
2025-09-04 01:17:06.391 +00:00 [INF] Request GET /api/weather completed with status 200 in 1.26ms
2025-09-04 01:17:06.452 +00:00 [INF] Getting weather forecasts for 5 days
2025-09-04 01:17:06.452 +00:00 [INF] Returning 5 weather forecasts
2025-09-04 01:17:06.458 +00:00 [INF] Request GET /api/weather completed with status 200 in 1.41ms
2025-09-04 01:17:06.508 +00:00 [INF] Getting weather forecasts for 5 days
2025-09-04 01:17:06.509 +00:00 [INF] Returning 5 weather forecasts
2025-09-04 01:17:06.513 +00:00 [INF] Request GET /api/weather completed with status 200 in 1.22ms
2025-09-04 01:17:06.557 +00:00 [INF] Getting weather forecasts for 5 days
2025-09-04 01:17:06.558 +00:00 [INF] Returning 5 weather forecasts
2025-09-04 01:17:06.562 +00:00 [INF] Request GET /api/weather completed with status 200 in 1.19ms
2025-09-04 01:17:06.606 +00:00 [INF] Getting weather forecasts for 5 days
2025-09-04 01:17:06.607 +00:00 [INF] Returning 5 weather forecasts
2025-09-04 01:17:06.611 +00:00 [INF] Request GET /api/weather completed with status 200 in 1.11ms
